<?xml version="1.0" encoding="UTF-8"?>
<testsuite name="Pago cuota credito hipotecario" tests="4" skipped="0" failures="0" errors="0" timestamp="2022-12-19T22:43:33" hostname="ARENAS" time="0.158">
  <properties/>
  <testcase name="03 - Retraso en pago de cuota de credito hipotecario" classname="Pago cuota credito hipotecario" time="0.127"/>
  <testcase name="04 - Pago de cuota de credito hipotecario exitoso #1" classname="Pago cuota credito hipotecario" time="0.014"/>
  <testcase name="04 - Pago de cuota de credito hipotecario exitoso #2" classname="Pago cuota credito hipotecario" time="0.009"/>
  <testcase name="04 - Pago de cuota de credito hipotecario exitoso #3" classname="Pago cuota credito hipotecario" time="0.008"/>
  <system-out><![CDATA[
Escenario: 03 - Retraso en pago de cuota de credito hipotecario       ?[90m# src/test/resources/features/PagoCuota.feature:4?[0m
  ?[32mDado ?[0m?[32mun usuario se retrasa con el pago de la cuota?[0m                  ?[90m# stepdefinitions.PagoCuotaCreditoSteps.unUsuarioSeRetrasaConElPagoDeLaCuota()?[0m
  ?[32mCuando ?[0m?[32mse cumple el tiempo de pago sin consignar la cuota de ?[0m?[32m?[1m800000?[0m ?[90m# stepdefinitions.PagoCuotaCreditoSteps.seCumpleElTiempoDePagoSinConsignarLaCuotaDe(int)?[0m
  ?[32mEntonces ?[0m?[32mse presenta un incremento en el interes de mora?[0m            ?[90m# stepdefinitions.PagoCuotaCreditoSteps.sePresentaUnIncrementoEnElInteresDeMora()?[0m

Esquema del escenario: 04 - Pago de cuota de credito hipotecario exitoso ?[90m# src/test/resources/features/PagoCuota.feature:17?[0m
  ?[32mDado ?[0m?[32mun usuario requiere pagar su cuota?[0m                                ?[90m# stepdefinitions.PagoCuotaCreditoSteps.unUsuarioRequierePagarSuCuota()?[0m
dia de pago10
  ?[32mCuando ?[0m?[32mconsignar la cuota de ?[0m?[32m?[1m800000?[0m?[32m en los siguientes ?[0m?[32m?[1m"10"?[0m             ?[90m# stepdefinitions.PagoCuotaCreditoSteps.consignarLaCuotaDeEnLosSiguientes(int,java.lang.String)?[0m
  ?[32mEntonces ?[0m?[32mse presenta un descuento en la siguiente cuota?[0m                ?[90m# stepdefinitions.PagoCuotaCreditoSteps.sePresentaUnDescuentoEnLaSiguienteCuota()?[0m

Esquema del escenario: 04 - Pago de cuota de credito hipotecario exitoso ?[90m# src/test/resources/features/PagoCuota.feature:18?[0m
  ?[32mDado ?[0m?[32mun usuario requiere pagar su cuota?[0m                                ?[90m# stepdefinitions.PagoCuotaCreditoSteps.unUsuarioRequierePagarSuCuota()?[0m
dia de pago20
  ?[32mCuando ?[0m?[32mconsignar la cuota de ?[0m?[32m?[1m800000?[0m?[32m en los siguientes ?[0m?[32m?[1m"20"?[0m             ?[90m# stepdefinitions.PagoCuotaCreditoSteps.consignarLaCuotaDeEnLosSiguientes(int,java.lang.String)?[0m
  ?[32mEntonces ?[0m?[32mse presenta un descuento en la siguiente cuota?[0m                ?[90m# stepdefinitions.PagoCuotaCreditoSteps.sePresentaUnDescuentoEnLaSiguienteCuota()?[0m

Esquema del escenario: 04 - Pago de cuota de credito hipotecario exitoso ?[90m# src/test/resources/features/PagoCuota.feature:19?[0m
  ?[32mDado ?[0m?[32mun usuario requiere pagar su cuota?[0m                                ?[90m# stepdefinitions.PagoCuotaCreditoSteps.unUsuarioRequierePagarSuCuota()?[0m
dia de pago30
  ?[32mCuando ?[0m?[32mconsignar la cuota de ?[0m?[32m?[1m800000?[0m?[32m en los siguientes ?[0m?[32m?[1m"30"?[0m             ?[90m# stepdefinitions.PagoCuotaCreditoSteps.consignarLaCuotaDeEnLosSiguientes(int,java.lang.String)?[0m
  ?[32mEntonces ?[0m?[32mse presenta un descuento en la siguiente cuota?[0m                ?[90m# stepdefinitions.PagoCuotaCreditoSteps.sePresentaUnDescuentoEnLaSiguienteCuota()?[0m
]]></system-out>
  <system-err><![CDATA[]]></system-err>
</testsuite>
