<?xml version="1.0" encoding="UTF-8"?>
<testsuite name="Pago cuota credito hipotecario" tests="4" skipped="0" failures="1" errors="0" timestamp="2022-12-19T23:37:30" hostname="ARENAS" time="0.164">
  <properties/>
  <testcase name="03 - Retraso en pago de cuota de credito hipotecario" classname="Pago cuota credito hipotecario" time="0.121">
    <failure message="java.lang.AssertionError: expected:&lt;0&gt; but was:&lt;800000&gt;" type="java.lang.AssertionError">java.lang.AssertionError: expected:&lt;0&gt; but was:&lt;800000&gt;
	at org.junit.Assert.fail(Assert.java:89)
	at org.junit.Assert.failNotEquals(Assert.java:835)
	at org.junit.Assert.assertEquals(Assert.java:647)
	at org.junit.Assert.assertEquals(Assert.java:633)
	at stepdefinitions.PagoCuotaCreditoSteps.seCumpleElTiempoDePagoConsignandoALaCuotaDe(PagoCuotaCreditoSteps.java:38)
	at ✽.se cumple el tiempo de pago  consignando 0 a la cuota de 800000(file:///C:/Users/cris-/Desktop/Sofka%20U/QA%20Sofka/Automatizacion/Training%20Talleres/Actividad%20Final/PrestamoHipotecario/src/test/resources/features/PagoCuota.feature:7)
</failure>
  </testcase>
  <testcase name="04 - Pago de cuota de credito hipotecario exitoso #1" classname="Pago cuota credito hipotecario" time="0.018"/>
  <testcase name="04 - Pago de cuota de credito hipotecario exitoso #2" classname="Pago cuota credito hipotecario" time="0.01"/>
  <testcase name="04 - Pago de cuota de credito hipotecario exitoso #3" classname="Pago cuota credito hipotecario" time="0.015"/>
  <system-out><![CDATA[
Escenario: 03 - Retraso en pago de cuota de credito hipotecario          ?[90m# src/test/resources/features/PagoCuota.feature:4?[0m
Inicia prueba
  ?[32mDado ?[0m?[32mun usuario se retrasa con el pago de la cuota?[0m                     ?[90m# stepdefinitions.PagoCuotaCreditoSteps.unUsuarioSeRetrasaConElPagoDeLaCuota()?[0m
  ?[31mCuando ?[0m?[31mse cumple el tiempo de pago  consignando ?[0m?[31m?[1m0?[0m?[31m a la cuota de ?[0m?[31m?[1m800000?[0m ?[90m# stepdefinitions.PagoCuotaCreditoSteps.seCumpleElTiempoDePagoConsignandoALaCuotaDe(int,int)?[0m
      ?[31mjava.lang.AssertionError: expected:<0> but was:<800000>
	at org.junit.Assert.fail(Assert.java:89)
	at org.junit.Assert.failNotEquals(Assert.java:835)
	at org.junit.Assert.assertEquals(Assert.java:647)
	at org.junit.Assert.assertEquals(Assert.java:633)
	at stepdefinitions.PagoCuotaCreditoSteps.seCumpleElTiempoDePagoConsignandoALaCuotaDe(PagoCuotaCreditoSteps.java:38)
	at âœ½.se cumple el tiempo de pago  consignando 0 a la cuota de 800000(file:///C:/Users/cris-/Desktop/Sofka%20U/QA%20Sofka/Automatizacion/Training%20Talleres/Actividad%20Final/PrestamoHipotecario/src/test/resources/features/PagoCuota.feature:7)
?[0m
  ?[36mEntonces ?[0m?[36mse presenta un incremento en el interes de mora?[0m               ?[90m# stepdefinitions.PagoCuotaCreditoSteps.sePresentaUnIncrementoEnElInteresDeMora()?[0m

Esquema del escenario: 04 - Pago de cuota de credito hipotecario exitoso ?[90m# src/test/resources/features/PagoCuota.feature:17?[0m
inicia prueba
  ?[32mDado ?[0m?[32mun usuario requiere pagar su cuota?[0m                                ?[90m# stepdefinitions.PagoCuotaCreditoSteps.unUsuarioRequierePagarSuCuota()?[0m
dia de pago10
Paso 1
  ?[32mCuando ?[0m?[32mconsignar la cuota de ?[0m?[32m?[1m800000?[0m?[32m en los siguientes ?[0m?[32m?[1m"10"?[0m             ?[90m# stepdefinitions.PagoCuotaCreditoSteps.consignarLaCuotaDeEnLosSiguientes(int,java.lang.String)?[0m
Finaliza prueba 
  ?[32mEntonces ?[0m?[32mse presenta un descuento en la siguiente cuota?[0m                ?[90m# stepdefinitions.PagoCuotaCreditoSteps.sePresentaUnDescuentoEnLaSiguienteCuota()?[0m

Esquema del escenario: 04 - Pago de cuota de credito hipotecario exitoso ?[90m# src/test/resources/features/PagoCuota.feature:18?[0m
inicia prueba
  ?[32mDado ?[0m?[32mun usuario requiere pagar su cuota?[0m                                ?[90m# stepdefinitions.PagoCuotaCreditoSteps.unUsuarioRequierePagarSuCuota()?[0m
dia de pago20
Paso 1
  ?[32mCuando ?[0m?[32mconsignar la cuota de ?[0m?[32m?[1m800000?[0m?[32m en los siguientes ?[0m?[32m?[1m"20"?[0m             ?[90m# stepdefinitions.PagoCuotaCreditoSteps.consignarLaCuotaDeEnLosSiguientes(int,java.lang.String)?[0m
Finaliza prueba 
  ?[32mEntonces ?[0m?[32mse presenta un descuento en la siguiente cuota?[0m                ?[90m# stepdefinitions.PagoCuotaCreditoSteps.sePresentaUnDescuentoEnLaSiguienteCuota()?[0m

Esquema del escenario: 04 - Pago de cuota de credito hipotecario exitoso ?[90m# src/test/resources/features/PagoCuota.feature:19?[0m
inicia prueba
  ?[32mDado ?[0m?[32mun usuario requiere pagar su cuota?[0m                                ?[90m# stepdefinitions.PagoCuotaCreditoSteps.unUsuarioRequierePagarSuCuota()?[0m
dia de pago30
Paso 1
  ?[32mCuando ?[0m?[32mconsignar la cuota de ?[0m?[32m?[1m800000?[0m?[32m en los siguientes ?[0m?[32m?[1m"30"?[0m             ?[90m# stepdefinitions.PagoCuotaCreditoSteps.consignarLaCuotaDeEnLosSiguientes(int,java.lang.String)?[0m
Finaliza prueba 
  ?[32mEntonces ?[0m?[32mse presenta un descuento en la siguiente cuota?[0m                ?[90m# stepdefinitions.PagoCuotaCreditoSteps.sePresentaUnDescuentoEnLaSiguienteCuota()?[0m
]]></system-out>
  <system-err><![CDATA[]]></system-err>
</testsuite>
